-------------------------------------------------------------------------------
Test set: org.studyeasy.SpringRestdemo.SpringRestdemoApplicationTests
-------------------------------------------------------------------------------
Tests run: 1, Failures: 0, Errors: 1, Skipped: 0, Time elapsed: 0.435 s <<< FAILURE! - in org.studyeasy.SpringRestdemo.SpringRestdemoApplicationTests
org.studyeasy.SpringRestdemo.SpringRestdemoApplicationTests  Time elapsed: 0.435 s  <<< ERROR!
java.lang.IllegalStateException: Unable to find a @SpringBootConfiguration, you need to use @ContextConfiguration or @SpringBootTest(classes=...) with your test

